17:53:17 **** Clean-only build of configuration Default for project InscreenProximityDemo ****
"D:\\eclipse_android\\android-ndk-r10d\\ndk-build.cmd" clean 
Android NDK: WARNING: Unsupported source file extensions in jni/Android.mk for module MaxtouchJni    
Android NDK:   LOCAL_LDLIBS := -llog    
[armeabi] Clean          : MaxtouchJni [armeabi]
[armeabi] Clean          : stdc++ [armeabi]

17:53:20 Build Finished (took 2s.916ms)

17:58:21 **** Build of configuration Default for project InscreenProximityDemo ****
"D:\\eclipse_android\\android-ndk-r10d\\ndk-build.cmd" all 
Android NDK: WARNING: Unsupported source file extensions in jni/Android.mk for module MaxtouchJni    
Android NDK:   LOCAL_LDLIBS := -llog    
[armeabi] Install        : libMaxtouchJni.so => libs/armeabi/libMaxtouchJni.so
17:58:41 **** Incremental Build of configuration Default for project InscreenProximityDemo ****
"D:\\eclipse_android\\android-ndk-r10d\\ndk-build.cmd" all 
Android NDK: WARNING: Unsupported source file extensions in jni/Android.mk for module MaxtouchJni    
Android NDK:   LOCAL_LDLIBS := -llog    
[armeabi] Install        : libMaxtouchJni.so => libs/armeabi/libMaxtouchJni.so
11:12:45 **** Incremental Build of configuration Default for project InscreenProximityDemo ****
"D:\\eclipse_android\\android-ndk-r10d\\ndk-build.cmd" all 
Android NDK: WARNING: Unsupported source file extensions in jni/Android.mk for module MaxtouchJni    
Android NDK:   LOCAL_LDLIBS := -llog    
[armeabi] Install        : libMaxtouchJni.so => libs/armeabi/libMaxtouchJni.so
11:15:23 **** Incremental Build of configuration Default for project InscreenProximityDemo ****
"D:\\eclipse_android\\android-ndk-r10d\\ndk-build.cmd" all 
Android NDK: WARNING: Unsupported source file extensions in jni/Android.mk for module MaxtouchJni    
Android NDK:   LOCAL_LDLIBS := -llog    
[armeabi] Install        : libMaxtouchJni.so => libs/armeabi/libMaxtouchJni.so
11:16:24 **** Incremental Build of configuration Default for project InscreenProximityDemo ****
"D:\\eclipse_android\\android-ndk-r10d\\ndk-build.cmd" all 
Android NDK: WARNING: Unsupported source file extensions in jni/Android.mk for module MaxtouchJni    
Android NDK:   LOCAL_LDLIBS := -llog    
[armeabi] Install        : libMaxtouchJni.so => libs/armeabi/libMaxtouchJni.so
11:21:38 **** Incremental Build of configuration Default for project InscreenProximityDemo ****
"D:\\eclipse_android\\android-ndk-r10d\\ndk-build.cmd" all 
Android NDK: WARNING: Unsupported source file extensions in jni/Android.mk for module MaxtouchJni    
Android NDK:   LOCAL_LDLIBS := -llog    
[armeabi] Install        : libMaxtouchJni.so => libs/armeabi/libMaxtouchJni.so
11:25:04 **** Incremental Build of configuration Default for project InscreenProximityDemo ****
"D:\\eclipse_android\\android-ndk-r10d\\ndk-build.cmd" all 
Android NDK: WARNING: Unsupported source file extensions in jni/Android.mk for module MaxtouchJni    
Android NDK:   LOCAL_LDLIBS := -llog    
[armeabi] Install        : libMaxtouchJni.so => libs/armeabi/libMaxtouchJni.so
14:40:54 **** Incremental Build of configuration Default for project InscreenProximityDemo ****
"D:\\eclipse_android\\android-ndk-r10d\\ndk-build.cmd" all 
Android NDK: WARNING: Unsupported source file extensions in jni/Android.mk for module MaxtouchJni    
Android NDK:   LOCAL_LDLIBS := -llog    
[armeabi] Install        : libMaxtouchJni.so => libs/armeabi/libMaxtouchJni.so
16:54:15 **** Incremental Build of configuration Default for project InscreenProximityDemo ****
"D:\\eclipse_android\\android-ndk-r10d\\ndk-build.cmd" all 
Android NDK: WARNING: Unsupported source file extensions in jni/Android.mk for module MaxtouchJni    
Android NDK:   LOCAL_LDLIBS := -llog    
[armeabi] Install        : libMaxtouchJni.so => libs/armeabi/libMaxtouchJni.so
16:55:47 **** Incremental Build of configuration Default for project InscreenProximityDemo ****
"D:\\eclipse_android\\android-ndk-r10d\\ndk-build.cmd" all 
Android NDK: WARNING: Unsupported source file extensions in jni/Android.mk for module MaxtouchJni    
Android NDK:   LOCAL_LDLIBS := -llog    
[armeabi] Install        : libMaxtouchJni.so => libs/armeabi/libMaxtouchJni.so
